Duplicate entry: ################
Duplicate entry: ../scripts/3rdParty/fullcalendar/main.js
Duplicate entry: ../scripts/3rdParty/accessible-jqui/jquery.ui.menubar.css
Duplicate entry: ../scripts/3rdParty/accessible-jqui/jquery.ui.menubar.js
Duplicate entry: ../scripts/3rdParty/ckeditor/adapters/jquery.js
Duplicate entry: ../scripts/3rdParty/ckeditor/ckeditor.js
Duplicate entry: ../scripts/3rdParty/datepicker-ext.js
Duplicate entry: ../scripts/3rdParty/fancytree/dist/jquery.fancytree.min.js
Duplicate entry: ../scripts/3rdParty/iscroll/iscroll-infinite.js
Duplicate entry: ../scripts/3rdParty/jqgrid-ext.js
Duplicate entry: ../scripts/3rdParty/jqGrid/current/css/ui.jqgrid.css
Duplicate entry: ../scripts/3rdParty/jqGrid/current/js/i18n/grid.locale-en.js
Duplicate entry: ../scripts/3rdParty/jqGrid/current/js/jquery.jqGrid.min.js
Duplicate entry: ../scripts/3rdParty/jquery-ui-ext.js
Duplicate entry: ../scripts/3rdParty/jquery-ui-timepicker-addon.js
Duplicate entry: ../scripts/3rdParty/jquery-ui/current/ui/minified/jquery-ui.min.js
Duplicate entry: ../scripts/3rdParty/jquery.calculator/current/jquery.calculator.css
Duplicate entry: ../scripts/3rdParty/jquery.calculator/current/jquery.calculator.js
Duplicate entry: ../scripts/3rdParty/jquery.cookie.js
Duplicate entry: ../scripts/3rdParty/jquery.fileupload.js
Duplicate entry: ../scripts/3rdParty/jquery.iframe-transport.js
Duplicate entry: ../scripts/3rdParty/jquery.js
Duplicate entry: ../scripts/3rdParty/jquery.raty.min.js
Duplicate entry: ../scripts/3rdParty/jquery.ui.touch-punch.min.js
Duplicate entry: ../scripts/3rdParty/jstree/jquery.jstree.js
Duplicate entry: ../scripts/3rdParty/moderniz.js
Duplicate entry: ../scripts/3rdParty/async.js
Duplicate entry: ../scripts/3rdParty/require-ext.js
Duplicate entry: ../scripts/3rdParty/require.js
Duplicate entry: ../scripts/3rdParty/switch/jquery.switch.js
Duplicate entry: ../scripts/3rdParty/fastdom.js
Duplicate entry: ../scripts/3rdParty/alasql.min.js
Duplicate entry: ../scripts/3rdParty/pako.min.js
Duplicate entry: ../scripts/jsPropset.js
Duplicate entry: ../scripts/order.js
Duplicate entry: ../scripts/postload.js
Duplicate entry: ../scripts/preload.js
Duplicate entry: ../scripts/siebel/accnavigationphyrender.js
Duplicate entry: ../scripts/siebel/accordionappletscr.js
Duplicate entry: ../scripts/siebel/ajaxrequestmgr.js
Duplicate entry: ../scripts/siebel/caldetailpr.js
Duplicate entry: ../scripts/siebel/calpmodel.js
Duplicate entry: ../scripts/siebel/contentloader.js
Duplicate entry: ../scripts/siebel/core-cc.js
Duplicate entry: ../scripts/siebel/core-siebel.js
Duplicate entry: ../scripts/siebel/editabletilecr.js
Duplicate entry: ../scripts/siebel/hamburgernav.js
Duplicate entry: ../scripts/siebel/jqfullcalrenderer.js
Duplicate entry: ../scripts/siebel/jqgridrenderer.js
Duplicate entry: ../scripts/siebel/loadindicator.js
Duplicate entry: ../scripts/siebel/listformnavigationcr.js
Duplicate entry: ../scripts/siebel/navigationpmodel.js
Duplicate entry: ../scripts/siebel/navtabrenderer.js
Duplicate entry: ../scripts/siebel/suilandingviewpr.js
Duplicate entry: ../scripts/siebel/offline/swemessages_enu.js
Duplicate entry: ../scripts/siebel/offline/core-siebel.js
Duplicate entry: ../scripts/siebel/offline/custom/escript_application.js
Duplicate entry: ../scripts/siebel/offline/custom/escript_applet.js
Duplicate entry: ../scripts/siebel/offline/custom/escript_buscomp.js
Duplicate entry: ../scripts/siebel/offline/custom/escript_bussvc.js
Duplicate entry: ../scripts/siebel/personalizationimportpm.js
Duplicate entry: ../scripts/siebel/pwinfra.js
Duplicate entry: ../scripts/siebel/reportpmodel.js
Duplicate entry: ../scripts/siebel/reportprenderer.js
Duplicate entry: ../scripts/siebel/samples/custom_messages.js
Duplicate entry: ../scripts/siebel/searchmodel.js
Duplicate entry: ../scripts/siebel/searchrenderer.js
Duplicate entry: ../scripts/siebel/siebelconstants.js
Duplicate entry: ../scripts/siebel/siebjs.js
Duplicate entry: ../scripts/siebel/utils.js
Duplicate entry: ../scripts/core-shadow.js
Duplicate entry: ../scripts/swecmn_hi_top.js
Duplicate entry: ../scripts/swecmn_hi.js
Duplicate entry: ../scripts/swecommon_top.js
Duplicate entry: ../scripts/swecommon.js
Duplicate entry: ../scripts/sweutil_keyboard.js
Duplicate entry: ../scripts/swemessages_enu.js
Duplicate entry: ../blank.htm
Duplicate entry: ../files/3rdParty/themes/fullcalendar/main.css
Duplicate entry: ../files/3rdParty/themes/switch/jquery.switch.css
Duplicate entry: ../files/jctrls.css
Duplicate entry: ../files/print_oui.css
Duplicate entry: ../files/theme-aurora.css
Duplicate entry: ../files/theme-redwood.css
Duplicate entry: ../files/theme-zante.css
Duplicate entry: ../fonts/oracle.woff
Duplicate entry: ../fonts/Roboto-Bold-webfont.woff
Duplicate entry: ../fonts/Roboto-BoldItalic-webfont.woff
Duplicate entry: ../fonts/Roboto-Italic-webfont.woff
Duplicate entry: ../fonts/Roboto-Light-webfont.woff
Duplicate entry: ../fonts/Roboto-LightItalic-webfont.woff
Duplicate entry: ../fonts/Roboto-Medium-webfont.woff
Duplicate entry: ../fonts/Roboto-MediumItalic-webfont.woff
Duplicate entry: ../fonts/Roboto-Regular-webfont.woff
Duplicate entry: ../fonts/oracle.woff?updziv
Duplicate entry: ../images/abstracts_blue_4.png
Duplicate entry: ../images/Accounts_Large.png
Duplicate entry: ../images/Accounts_Large_Highlight.png
Duplicate entry: ../images/alert_icn-yellow.png
Duplicate entry: ../images/appMenuBGnoise.png
Duplicate entry: ../images/assets_Large_Highlight.png
Duplicate entry: ../images/attachment_download.png
Duplicate entry: ../images/backgroundtile.png
Duplicate entry: ../images/btn_div.gif
Duplicate entry: ../images/building.svg
Duplicate entry: ../images/calendar.svg
Duplicate entry: ../images/CallScheduler_Large.png
Duplicate entry: ../images/CallScheduler_Large_Highlight.png
Duplicate entry: ../images/check_d.gif
Duplicate entry: ../images/contacts.svg
Duplicate entry: ../images/Contacts_Large.png
Duplicate entry: ../images/Contacts_Large_Highlight.png
Duplicate entry: ../images/contract.svg
Duplicate entry: ../images/FINS_Accounts_Large_Highlight.png
Duplicate entry: ../images/FINS_Households_Large_Highlight.png
Duplicate entry: ../images/fleet.svg
Duplicate entry: ../images/GoOnline.png
Duplicate entry: ../images/gridIcons_os.png
Duplicate entry: ../images/grid_matte_generic.png
Duplicate entry: ../images/icon_new_off.gif
Duplicate entry: ../images/icon_padlock.gif
Duplicate entry: ../images/icon_req.gif
Duplicate entry: ../images/inventory.svg
Duplicate entry: ../images/invoice.svg
Duplicate entry: ../images/janna/down.gif
Duplicate entry: ../images/janna/icon_calendar_sm.gif
Duplicate entry: ../images/janna/mvg.gif
Duplicate entry: ../images/janna/pick.gif
Duplicate entry: ../images/LeadsGrey_Large_Highlight.png
Duplicate entry: ../images/log.png
Duplicate entry: ../images/menuDropDownBGnoise.png
Duplicate entry: ../images/moduleOpenClose.png
Duplicate entry: ../images/OpportunityGrey_Large_Highlight.png
Duplicate entry: ../images/oui_Sprite.png
Duplicate entry: ../images/overlay.png
Duplicate entry: ../images/pdq.png
Duplicate entry: ../images/photo.png
Duplicate entry: ../images/QuoteGrey_Large_Highlight.png
Duplicate entry: ../images/rcnv_nxt_0.gif
Duplicate entry: ../images/rcnv_nxt_1.gif
Duplicate entry: ../images/rcnv_nxtset_0.gif
Duplicate entry: ../images/rcnv_nxtset_1.gif
Duplicate entry: ../images/rcnv_prv_0.gif
Duplicate entry: ../images/rcnv_prv_1.gif
Duplicate entry: ../images/rcnv_prvset_0.gif
Duplicate entry: ../images/rcnv_prvset_1.gif
Duplicate entry: ../images/redwood_texture_01.png
Duplicate entry: ../images/servicerequest.svg
Duplicate entry: ../images/sitemap.svg
Duplicate entry: ../images/star-off.png
Duplicate entry: ../images/star-on.png
Duplicate entry: ../images/stars-1.png
Duplicate entry: ../images/stars-2.png
Duplicate entry: ../images/stars-3.png
Duplicate entry: ../images/stars-4.png
Duplicate entry: ../images/stars-5.png
Duplicate entry: ../images/Tasks.png
Duplicate entry: ../images/jquery.switch.png
Duplicate entry: ../images/white.gif
Duplicate entry: *
Duplicate entry: ../start.swe ../scripts/siebel/offline/bootstrap.html
Duplicate entry: /siebel/app/ ../scripts/siebel/offline/bootstrap.html
